23
18
13
0
11
21
14
28
7
1
30
20
12
9
6
35
2
31
25
34
4
22
41
46
8
42
10
19
29
16
24
64
49
15
17
52
37
50
33
65
70
60
43
72
44
26
47
69
53
62
39
79
48
73
38
63
54
66
80
78
55
77
51
92
68
85
58
83
95
56
97
96
76
84
94
89
40
93
67
82
100
116
88
106
108
91
109
98
99
113
111
125
119
107
123
124
102
121
101
118
115
117
122
132
104
105
86
126
112
130
128
114
135
146
139
150
149
136
138
153
141
129
131
157
144
133
147
134
159
156
154
166
152
143
127
169
170
137
140
103
165
155
173
171
168
177
145
151
176
174
175
183
163
179
188
190
178
193
192
3
195
185
194
189
182
200
167
201
203
5
197
204
196
208
186
187
161
210
36
75
207
74
202
209
199
214
211
191
222
71
27
205
45
87
231
206
221
226
198
90
220
120
234
236
239
219
213
240
238
227
218
237
249
232
241
216
248
233
242
235
228
230
253
246
251
252
244
262
265
260
148
261
257
255
258
162
158
164
160
247
263
223
271
267
172
256
278
243
142
275
254
259
286
287
277
184
180
288
296
293
299
276
290
283
281
295
297
291
268
300
282
298
309
302
284
285
313
215
307
321
294
304
323
312
327
274
224
225
310
311
217
320
266
303
308
341
332
322
315
318
337
347
348
335
345
319
324
317
326
353
306
330
316
339
344
356
349
343
329
358
362
342
368
352
363
336
354
357
350
340
245
359
361
369
270
346
365
371
370
269
273
364
333
250
366
374
391
279
289
386
378
280
375
372
394
373
381
395
406
407
393
292
409
405
385
376
272
403
384
400
382
410
420
411
412
426
423
419
404
421
428
414
430
416
425
387
438
397
437
413
441
399
444
445
431
439
408
435
434
432
453
422
440
415
454
443
442
460
433
448
455
446
451
463
456
466
458
457
427
459
355
450
331
452
470
475
479
462
473
474
471
477
360
487
478
472
489
486
485
492
484
493
490
488
495
476
379
501
383
504
500
483
392
506
377
491
380
507
499
514
396
505
497
512
510
515
494
508
525
402
498
436
398
530
523
521
516
401
528
502
529
519
526
509
522
418
527
537
535
540
517
520
532
547
539
546
553
541
543
549
552
545
533
554
531
538
551
503
534
562
550
566
556
563
542
555
557
560
571
568
558
564
581
548
572
584
578
573
585
565
586
575
461
582
447
594
579
481
464
567
465
590
574
589
591
561
583
580
588
602
592
559
599
576
615
600
614
616
480
603
593
595
611
544
605
601
621
468
625
624
620
631
367
618
627
626
577
630
619
613
639
612
617
638
646
606
643
596
637
655
656
640
653
645
609
642
657
649
661
641
628
513
511
622
658
647
651
644
660
652
518
672
671
659
669
663
666
676
664
679
682
667
691
675
678
688
685
684
694
680
673
677
632
700
708
698
695
707
705
704
424
693
715
689
710
717
720
716
703
714
636
709
712
699
718
731
723
635
729
728
735
706
737
727
738
721
740
732
713
726
730
747
742
734
736
743
748
598
722
739
754
597
758
757
719
752
759
750
733
755
741
749
769
604
763
762
765
771
746
772
623
768
775
751
764
753
778
782
766
780
760
786
777
634
770
794
795
773
788
776
783
648
798
797
792
805
791
803
779
662
796
799
793
668
801
670
809
817
807
787
811
819
810
813
816
683
826
812
808
830
536
825
820
823
833
806
821
838
697
814
815
840
841
844
832
745
818
843
711
831
851
828
836
845
850
856
834
829
853
855
861
858
835
774
854
857
865
696
848
871
847
873
469
868
864
878
872
880
846
860
875
839
879
862
881
877
842
866
890
859
883
756
896
886
894
898
887
884
897
901
885
909
892
889
906
913
903
867
908
905
870
910
902
922
893
915
923
917
633
781
876
767
790
929
934
926
927
930
925
938
916
852
919
920
933
914
946
937
935
924
940
804
947
948
943
952
941
932
931
936
955
957
949
950
954
958
953
822
966
944
939
942
973
824
972
964
945
837
969
968
951
977
978
967
970
960
959
849
988
971
975
983
995
996
963
985
974
961
984
1002
1001
1004
991
744
1003
989
990
981
1006
998
888
1016
1000
987
994
900
1017
1023
1022
911
1005
863
1026
891
993
1031
918
1029
1033
1011
1032
1024
1037
912
1009
1028
1019
785
1027
1040
1025
1030
1018
1020
1046
1042
1045
1035
800
1051
1034
1048
1036
1055
1052
1041
1038
1062
1050
1058
956
1039
1054
1061
1069
1043
1066
1060
1056
1044
1064
1071
1068
1067
1081
1074
1075
1073
1063
1072
1076
1059
1083
982
962
1090
1077
1079
1085
1095
1091
1087
1097
1070
1092
1084
1102
1094
1096
1100
1109
1104
1107
1111
997
1115
999
1099
1080
1114
1093
1116
1088
1110
1125
1120
1105
1086
1129
1113
1082
1101
1130
1122
1117
1103
1127
1128
1119
1012
1138
1131
1121
1124
1013
1145
1140
1112
1136
1132
1134
1021
1014
1126
1137
1142
1158
1150
1146
1154
1153
1148
1160
1152
1162
1139
1149
1166
1144
1157
1159
1170
1135
1165
1167
1151
1174
1179
1172
1169
1175
1163
1178
1168
1184
1186
1156
1180
1187
1053
1192
1183
1047
1065
1199
1188
1194
1185
1177
1173
1202
1195
1181
1204
1182
1049
1196
1189
1191
1201
1197
1212
1218
1216
1213
1206
1224
692
1215
1209
1208
1190
979
1220
1171
1229
1226
980
1236
1238
1241
1227
1232
1098
1240
1248
1205
1176
1239
1244
992
1230
1251
1252
1223
1250
1222
1237
1200
1231
1256
1234
1118
1262
1258
1265
1249
1217
1264
1272
1257
1266
1260
1269
1267
1255
1275
1280
1245
1243
1273
1133
1278
1270
1282
1279
1288
1274
1008
1286
1285
1290
1263
1259
1276
1293
1155
1277
1141
1298
1283
1296
1291
1294
1271
1299
1161
1313
1284
1314
1316
1303
1312
1317
1311
1302
1315
1307
1305
1268
1321
1304
1253
1310
1281
1330
1320
1318
1309
1254
1332
1336
1323
1327
1339
1331
1340
1342
1193
1328
1343
1335
1338
1348
1333
1347
1351
1341
1203
1357
1326
1345
1329
1334
1210
1349
1358
1364
1360
1346
1368
1353
1362
1225
1356
1228
1352
1369
1355
1375
1367
1372
1370
1308
1384
1377
1350
1361
1388
1106
1366
1365
1386
1383
1371
1300
1393
1261
1242
1379
1395
1403
1399
1374
1406
1407
1380
1409
1376
1398
1378
1408
1392
1410
1390
1404
1415
1287
1417
1411
1295
1391
1319
1381
1292
1396
1420
1405
1414
1424
1400
1382
1421
1412
1430
1432
1434
1387
1427
1440
1289
1446
1442
1448
1418
1435
1439
1444
1451
1428
1443
1453
1438
1447
1422
1402
1445
1463
1426
1419
1464
1458
1468
1425
1325
1460
1431
1455
1466
1475
1461
1473
1454
1324
1449
1469
1474
1478
1462
1437
1429
1480
1487
1467
1452
1337
1483
1476
1495
1472
1493
1489
1471
1492
1488
1498
1503
1494
1459
1499
1497
1506
1344
1508
1450
1486
1490
1512
1515
1504
1465
1470
1513
1481
1514
1457
1525
1517
1485
1524
1484
1479
1528
1502
1500
1511
1534
1491
1482
1519
1530
1540
1509
1542
1510
1413
1527
1536
1533
1546
1521
1531
1537
1550
1541
1522
1505
1532
1545
1529
1543
1547
1507
1556
1535
1516
1562
1496
1526
1561
1565
1559
1548
1552
1571
1389
1576
1555
1553
1575
1554
1539
1569
1579
1570
1564
1551
1558
1567
1538
1578
1586
1582
1593
1577
1416
1590
1583
1568
1574
1566
1592
1584
1589
1599
1580
1597
1563
1596
1572
1595
1617
1501
1615
1618
1612
1436
1620
1623
1602
1600
1619
1629
1625
1616
1622
1601
1627
1609
1635
1613
1621
1598
1631
1637
1628
1630
1606
1644
1638
1645
1640
1632
1642
1648
1639
1652
1634
1646
1633
1624
1654
1649
1636
1661
1662
1656
1520
1650
1665
1653
1664
1659
1660
1544
1663
1549
1671
1651
1667
1668
1678
1679
1670
1677
1658
1669
1626
1680
1681
1560
1690
1557
1687
1608
1694
1682
1686
1691
1684
1688
1699
1703
1401
1674
1587
1698
1704
1700
1683
1605
1695
1233
1676
1716
1696
1705
1689
1697
1594
1715
1673
1588
1719
1708
1720
1707
1729
1693
1723
1714
1717
1731
1730
1706
1701
1718
1739
1713
1740
1725
1702
1709
1738
1741
